# JRE version: OpenJDK Runtime Environment (11.0.10) (build 11.0.10+0-b96-7249189)
# Java VM: OpenJDK 64-Bit Server VM (11.0.10+0-b96-7249189, mixed mode, tiered, compressed oops, g1 gc, windows-amd64)
Heap:
 garbage-first heap   total 794624K, used 261201K [0x0000000080000000, 0x0000000100000000)
  region size 1024K, 10 young (10240K), 10 survivors (10240K)
 Metaspace       used 158788K, capacity 163549K, committed 166776K, reserved 1193984K
  class space    used 19536K, capacity 21325K, committed 22012K, reserved 1048576K
GC Heap History (20 events):
Event: 3466.318 GC heap after
{Heap after GC invocations=114 (full 0):
 garbage-first heap   total 467968K, used 190977K [0x0000000080000000, 0x0000000100000000)
  region size 1024K, 3 young (3072K), 3 survivors (3072K)
 Metaspace       used 158660K, capacity 163456K, committed 166776K, reserved 1193984K
  class space    used 19528K, capacity 21318K, committed 22012K, reserved 1048576K
}
Event: 3466.442 GC heap before
{Heap before GC invocations=114 (full 0):
 garbage-first heap   total 467968K, used 275969K [0x0000000080000000, 0x0000000100000000)
  region size 1024K, 88 young (90112K), 3 survivors (3072K)
 Metaspace       used 158667K, capacity 163456K, committed 166776K, reserved 1193984K
  class space    used 19528K, capacity 21318K, committed 22012K, reserved 1048576K
}
Event: 3466.471 GC heap after
{Heap after GC invocations=115 (full 0):
 garbage-first heap   total 467968K, used 203699K [0x0000000080000000, 0x0000000100000000)
  region size 1024K, 16 young (16384K), 16 survivors (16384K)
 Metaspace       used 158667K, capacity 163456K, committed 166776K, reserved 1193984K
  class space    used 19528K, capacity 21318K, committed 22012K, reserved 1048576K
}
Event: 3466.739 GC heap before
{Heap before GC invocations=116 (full 0):
 garbage-first heap   total 467968K, used 356275K [0x0000000080000000, 0x0000000100000000)
  region size 1024K, 167 young (171008K), 16 survivors (16384K)
 Metaspace       used 158668K, capacity 163447K, committed 166776K, reserved 1193984K
  class space    used 19527K, capacity 21316K, committed 22012K, reserved 1048576K
}
Event: 3466.767 GC heap after
{Heap after GC invocations=117 (full 0):
 garbage-first heap   total 467968K, used 224227K [0x0000000080000000, 0x0000000100000000)
  region size 1024K, 21 young (21504K), 21 survivors (21504K)
 Metaspace       used 158668K, capacity 163447K, committed 166776K, reserved 1193984K
  class space    used 19527K, capacity 21316K, committed 22012K, reserved 1048576K
}
Event: 3466.770 GC heap before
{Heap before GC invocations=117 (full 0):
 garbage-first heap   total 467968K, used 225251K [0x0000000080000000, 0x0000000100000000)
  region size 1024K, 22 young (22528K), 21 survivors (21504K)
 Metaspace       used 158668K, capacity 163447K, committed 166776K, reserved 1193984K
  class space    used 19527K, capacity 21316K, committed 22012K, reserved 1048576K
}
Event: 3466.809 GC heap after
{Heap after GC invocations=118 (full 0):
 garbage-first heap   total 467968K, used 204606K [0x0000000080000000, 0x0000000100000000)
  region size 1024K, 3 young (3072K), 3 survivors (3072K)
 Metaspace       used 158668K, capacity 163447K, committed 166776K, reserved 1193984K
  class space    used 19527K, capacity 21316K, committed 22012K, reserved 1048576K
}
Event: 3467.031 GC heap before
{Heap before GC invocations=118 (full 0):
 garbage-first heap   total 467968K, used 358206K [0x0000000080000000, 0x0000000100000000)
  region size 1024K, 153 young (156672K), 3 survivors (3072K)
 Metaspace       used 158703K, capacity 163524K, committed 166776K, reserved 1193984K
  class space    used 19533K, capacity 21320K, committed 22012K, reserved 1048576K
}
Event: 3467.060 GC heap after
{Heap after GC invocations=119 (full 0):
 garbage-first heap   total 467968K, used 219451K [0x0000000080000000, 0x0000000100000000)
  region size 1024K, 18 young (18432K), 18 survivors (18432K)
 Metaspace       used 158703K, capacity 163524K, committed 166776K, reserved 1193984K
  class space    used 19533K, capacity 21320K, committed 22012K, reserved 1048576K
}
Event: 3467.295 GC heap before
{Heap before GC invocations=119 (full 0):
 garbage-first heap   total 467968K, used 364859K [0x0000000080000000, 0x0000000100000000)
  region size 1024K, 160 young (163840K), 18 survivors (18432K)
 Metaspace       used 158738K, capacity 163536K, committed 166776K, reserved 1193984K
  class space    used 19535K, capacity 21324K, committed 22012K, reserved 1048576K
}
Event: 3467.323 GC heap after
{Heap after GC invocations=120 (full 0):
 garbage-first heap   total 467968K, used 232542K [0x0000000080000000, 0x0000000100000000)
  region size 1024K, 14 young (14336K), 14 survivors (14336K)
 Metaspace       used 158738K, capacity 163536K, committed 166776K, reserved 1193984K
  class space    used 19535K, capacity 21324K, committed 22012K, reserved 1048576K
}
Event: 3467.571 GC heap before
{Heap before GC invocations=121 (full 0):
 garbage-first heap   total 467968K, used 378974K [0x0000000080000000, 0x0000000100000000)
  region size 1024K, 158 young (161792K), 14 survivors (14336K)
 Metaspace       used 158749K, capacity 163540K, committed 166776K, reserved 1193984K
  class space    used 19536K, capacity 21325K, committed 22012K, reserved 1048576K
}
Event: 3467.598 GC heap after
{Heap after GC invocations=122 (full 0):
 garbage-first heap   total 467968K, used 247199K [0x0000000080000000, 0x0000000100000000)
  region size 1024K, 16 young (16384K), 16 survivors (16384K)
 Metaspace       used 158749K, capacity 163540K, committed 166776K, reserved 1193984K
  class space    used 19536K, capacity 21325K, committed 22012K, reserved 1048576K
}
Event: 3467.608 GC heap before
{Heap before GC invocations=122 (full 0):
 garbage-first heap   total 467968K, used 253343K [0x0000000080000000, 0x0000000100000000)
  region size 1024K, 22 young (22528K), 16 survivors (16384K)
 Metaspace       used 158749K, capacity 163540K, committed 166776K, reserved 1193984K
  class space    used 19536K, capacity 21325K, committed 22012K, reserved 1048576K
}
Event: 3467.627 GC heap after
{Heap after GC invocations=123 (full 0):
 garbage-first heap   total 467968K, used 243909K [0x0000000080000000, 0x0000000100000000)
  region size 1024K, 3 young (3072K), 3 survivors (3072K)
 Metaspace       used 158749K, capacity 163540K, committed 166776K, reserved 1193984K
  class space    used 19536K, capacity 21325K, committed 22012K, reserved 1048576K
}
Event: 3467.783 GC heap before
{Heap before GC invocations=123 (full 0):
 garbage-first heap   total 467968K, used 376005K [0x0000000080000000, 0x0000000100000000)
  region size 1024K, 133 young (136192K), 3 survivors (3072K)
 Metaspace       used 158765K, capacity 163547K, committed 166776K, reserved 1193984K
  class space    used 19536K, capacity 21325K, committed 22012K, reserved 1048576K
}
Event: 3467.814 GC heap after
{Heap after GC invocations=124 (full 0):
 garbage-first heap   total 467968K, used 253990K [0x0000000080000000, 0x0000000100000000)
  region size 1024K, 13 young (13312K), 13 survivors (13312K)
 Metaspace       used 158765K, capacity 163547K, committed 166776K, reserved 1193984K
  class space    used 19536K, capacity 21325K, committed 22012K, reserved 1048576K
}
Event: 3468.036 GC heap before
{Heap before GC invocations=124 (full 0):
 garbage-first heap   total 467968K, used 381990K [0x0000000080000000, 0x0000000100000000)
  region size 1024K, 138 young (141312K), 13 survivors (13312K)
 Metaspace       used 158784K, capacity 163549K, committed 166776K, reserved 1193984K
  class space    used 19536K, capacity 21325K, committed 22012K, reserved 1048576K
}
Event: 3468.052 GC heap after
{Heap after GC invocations=125 (full 0):
 garbage-first heap   total 467968K, used 256893K [0x0000000080000000, 0x0000000100000000)
  region size 1024K, 5 young (5120K), 5 survivors (5120K)
 Metaspace       used 158784K, capacity 163549K, committed 166776K, reserved 1193984K
  class space    used 19536K, capacity 21325K, committed 22012K, reserved 1048576K
}
Event: 3468.293 GC heap before
{Heap before GC invocations=126 (full 0):
 garbage-first heap   total 467968K, used 387965K [0x0000000080000000, 0x0000000100000000)
  region size 1024K, 133 young (136192K), 5 survivors (5120K)
 Metaspace       used 158788K, capacity 163549K, committed 166776K, reserved 1193984K
  class space    used 19536K, capacity 21325K, committed 22012K, reserved 1048576K
}

