# JRE version: OpenJDK Runtime Environment (11.0.10) (build 11.0.10+0-b96-7249189)
# Java VM: OpenJDK 64-Bit Server VM (11.0.10+0-b96-7249189, mixed mode, tiered, compressed oops, g1 gc, windows-amd64)
Heap:
 garbage-first heap   total 381952K, used 63059K [0x0000000709400000, 0x0000000800000000)
  region size 1024K, 16 young (16384K), 14 survivors (14336K)
 Metaspace       used 76287K, capacity 77075K, committed 77184K, reserved 1124352K
  class space    used 8266K, capacity 8567K, committed 8576K, reserved 1048576K
GC Heap History (20 events):
Event: 0.392 GC heap before
{Heap before GC invocations=0 (full 0):
 garbage-first heap   total 253952K, used 27648K [0x0000000709400000, 0x0000000800000000)
  region size 1024K, 24 young (24576K), 0 survivors (0K)
 Metaspace       used 12070K, capacity 12213K, committed 12544K, reserved 1060864K
  class space    used 1131K, capacity 1174K, committed 1280K, reserved 1048576K
}
Event: 0.394 GC heap after
{Heap after GC invocations=1 (full 0):
 garbage-first heap   total 253952K, used 5863K [0x0000000709400000, 0x0000000800000000)
  region size 1024K, 3 young (3072K), 3 survivors (3072K)
 Metaspace       used 12070K, capacity 12213K, committed 12544K, reserved 1060864K
  class space    used 1131K, capacity 1174K, committed 1280K, reserved 1048576K
}
Event: 0.884 GC heap before
{Heap before GC invocations=1 (full 0):
 garbage-first heap   total 253952K, used 42727K [0x0000000709400000, 0x0000000800000000)
  region size 1024K, 40 young (40960K), 3 survivors (3072K)
 Metaspace       used 20953K, capacity 21203K, committed 21248K, reserved 1069056K
  class space    used 2197K, capacity 2287K, committed 2304K, reserved 1048576K
}
Event: 0.894 GC heap after
{Heap after GC invocations=2 (full 0):
 garbage-first heap   total 253952K, used 9176K [0x0000000709400000, 0x0000000800000000)
  region size 1024K, 6 young (6144K), 6 survivors (6144K)
 Metaspace       used 20953K, capacity 21203K, committed 21248K, reserved 1069056K
  class space    used 2197K, capacity 2287K, committed 2304K, reserved 1048576K
}
Event: 1.631 GC heap before
{Heap before GC invocations=3 (full 0):
 garbage-first heap   total 253952K, used 65496K [0x0000000709400000, 0x0000000800000000)
  region size 1024K, 56 young (57344K), 6 survivors (6144K)
 Metaspace       used 31997K, capacity 32485K, committed 32640K, reserved 1077248K
  class space    used 4014K, capacity 4189K, committed 4224K, reserved 1048576K
}
Event: 1.646 GC heap after
{Heap after GC invocations=4 (full 0):
 garbage-first heap   total 253952K, used 20904K [0x0000000709400000, 0x0000000800000000)
  region size 1024K, 7 young (7168K), 7 survivors (7168K)
 Metaspace       used 31997K, capacity 32485K, committed 32640K, reserved 1077248K
  class space    used 4014K, capacity 4189K, committed 4224K, reserved 1048576K
}
Event: 1.876 GC heap before
{Heap before GC invocations=4 (full 0):
 garbage-first heap   total 253952K, used 36264K [0x0000000709400000, 0x0000000800000000)
  region size 1024K, 23 young (23552K), 7 survivors (7168K)
 Metaspace       used 35324K, capacity 35766K, committed 35840K, reserved 1081344K
  class space    used 4384K, capacity 4579K, committed 4608K, reserved 1048576K
}
Event: 1.884 GC heap after
{Heap after GC invocations=5 (full 0):
 garbage-first heap   total 253952K, used 20964K [0x0000000709400000, 0x0000000800000000)
  region size 1024K, 6 young (6144K), 6 survivors (6144K)
 Metaspace       used 35324K, capacity 35766K, committed 35840K, reserved 1081344K
  class space    used 4384K, capacity 4579K, committed 4608K, reserved 1048576K
}
Event: 2.092 GC heap before
{Heap before GC invocations=6 (full 0):
 garbage-first heap   total 253952K, used 41444K [0x0000000709400000, 0x0000000800000000)
  region size 1024K, 26 young (26624K), 6 survivors (6144K)
 Metaspace       used 39024K, capacity 39508K, committed 39552K, reserved 1083392K
  class space    used 4745K, capacity 4970K, committed 4992K, reserved 1048576K
}
Event: 2.099 GC heap after
{Heap after GC invocations=7 (full 0):
 garbage-first heap   total 306176K, used 23142K [0x0000000709400000, 0x0000000800000000)
  region size 1024K, 4 young (4096K), 4 survivors (4096K)
 Metaspace       used 39024K, capacity 39508K, committed 39552K, reserved 1083392K
  class space    used 4745K, capacity 4970K, committed 4992K, reserved 1048576K
}
Event: 3.248 GC heap before
{Heap before GC invocations=7 (full 0):
 garbage-first heap   total 306176K, used 104038K [0x0000000709400000, 0x0000000800000000)
  region size 1024K, 80 young (81920K), 4 survivors (4096K)
 Metaspace       used 49304K, capacity 49934K, committed 50176K, reserved 1093632K
  class space    used 5801K, capacity 6037K, committed 6144K, reserved 1048576K
}
Event: 3.259 GC heap after
{Heap after GC invocations=8 (full 0):
 garbage-first heap   total 306176K, used 31119K [0x0000000709400000, 0x0000000800000000)
  region size 1024K, 10 young (10240K), 10 survivors (10240K)
 Metaspace       used 49304K, capacity 49934K, committed 50176K, reserved 1093632K
  class space    used 5801K, capacity 6037K, committed 6144K, reserved 1048576K
}
Event: 5.830 GC heap before
{Heap before GC invocations=8 (full 0):
 garbage-first heap   total 306176K, used 144783K [0x0000000709400000, 0x0000000800000000)
  region size 1024K, 121 young (123904K), 10 survivors (10240K)
 Metaspace       used 57433K, capacity 58202K, committed 58368K, reserved 1101824K
  class space    used 6537K, capacity 6818K, committed 6912K, reserved 1048576K
}
Event: 5.853 GC heap after
{Heap after GC invocations=9 (full 0):
 garbage-first heap   total 306176K, used 47303K [0x0000000709400000, 0x0000000800000000)
  region size 1024K, 16 young (16384K), 16 survivors (16384K)
 Metaspace       used 57433K, capacity 58202K, committed 58368K, reserved 1101824K
  class space    used 6537K, capacity 6818K, committed 6912K, reserved 1048576K
}
Event: 6.478 GC heap before
{Heap before GC invocations=9 (full 0):
 garbage-first heap   total 306176K, used 62663K [0x0000000709400000, 0x0000000800000000)
  region size 1024K, 32 young (32768K), 16 survivors (16384K)
 Metaspace       used 59340K, capacity 60066K, committed 60160K, reserved 1101824K
  class space    used 6696K, capacity 6991K, committed 7040K, reserved 1048576K
}
Event: 6.513 GC heap after
{Heap after GC invocations=10 (full 0):
 garbage-first heap   total 306176K, used 51565K [0x0000000709400000, 0x0000000800000000)
  region size 1024K, 4 young (4096K), 4 survivors (4096K)
 Metaspace       used 59340K, capacity 60066K, committed 60160K, reserved 1101824K
  class space    used 6696K, capacity 6991K, committed 7040K, reserved 1048576K
}
Event: 8.444 GC heap before
{Heap before GC invocations=11 (full 0):
 garbage-first heap   total 306176K, used 150893K [0x0000000709400000, 0x0000000800000000)
  region size 1024K, 101 young (103424K), 4 survivors (4096K)
 Metaspace       used 72683K, capacity 73444K, committed 73600K, reserved 1114112K
  class space    used 7991K, capacity 8274K, committed 8320K, reserved 1048576K
}
Event: 8.455 GC heap after
{Heap after GC invocations=12 (full 0):
 garbage-first heap   total 381952K, used 57753K [0x0000000709400000, 0x0000000800000000)
  region size 1024K, 10 young (10240K), 10 survivors (10240K)
 Metaspace       used 72683K, capacity 73444K, committed 73600K, reserved 1114112K
  class space    used 7991K, capacity 8274K, committed 8320K, reserved 1048576K
}
Event: 9.116 GC heap before
{Heap before GC invocations=12 (full 0):
 garbage-first heap   total 381952K, used 123289K [0x0000000709400000, 0x0000000800000000)
  region size 1024K, 75 young (76800K), 10 survivors (10240K)
 Metaspace       used 75792K, capacity 76560K, committed 76672K, reserved 1124352K
  class space    used 8219K, capacity 8502K, committed 8576K, reserved 1048576K
}
Event: 9.147 GC heap after
{Heap after GC invocations=13 (full 0):
 garbage-first heap   total 381952K, used 62035K [0x0000000709400000, 0x0000000800000000)
  region size 1024K, 14 young (14336K), 14 survivors (14336K)
 Metaspace       used 75792K, capacity 76560K, committed 76672K, reserved 1124352K
  class space    used 8219K, capacity 8502K, committed 8576K, reserved 1048576K
}

