# JRE version: OpenJDK Runtime Environment (11.0.10) (build 11.0.10+0-b96-7249189)
# Java VM: OpenJDK 64-Bit Server VM (11.0.10+0-b96-7249189, mixed mode, tiered, compressed oops, g1 gc, windows-amd64)
Heap:
 garbage-first heap   total 638976K, used 247603K [0x0000000080000000, 0x0000000100000000)
  region size 1024K, 1 young (1024K), 1 survivors (1024K)
 Metaspace       used 153443K, capacity 158879K, committed 159960K, reserved 1187840K
  class space    used 19201K, capacity 21179K, committed 21464K, reserved 1048576K
GC Heap History (20 events):
Event: 10305.524 GC heap after
{Heap after GC invocations=129 (full 1):
 garbage-first heap   total 253952K, used 135731K [0x0000000080000000, 0x0000000100000000)
  region size 1024K, 2 young (2048K), 2 survivors (2048K)
 Metaspace       used 152357K, capacity 157783K, committed 158936K, reserved 1187840K
  class space    used 19132K, capacity 21111K, committed 21464K, reserved 1048576K
}
Event: 10305.782 GC heap before
{Heap before GC invocations=129 (full 1):
 garbage-first heap   total 253952K, used 176691K [0x0000000080000000, 0x0000000100000000)
  region size 1024K, 43 young (44032K), 2 survivors (2048K)
 Metaspace       used 152509K, capacity 157978K, committed 159192K, reserved 1187840K
  class space    used 19139K, capacity 21122K, committed 21464K, reserved 1048576K
}
Event: 10305.787 GC heap after
{Heap after GC invocations=130 (full 1):
 garbage-first heap   total 253952K, used 137798K [0x0000000080000000, 0x0000000100000000)
  region size 1024K, 4 young (4096K), 4 survivors (4096K)
 Metaspace       used 152509K, capacity 157978K, committed 159192K, reserved 1187840K
  class space    used 19139K, capacity 21122K, committed 21464K, reserved 1048576K
}
Event: 10306.162 GC heap before
{Heap before GC invocations=131 (full 1):
 garbage-first heap   total 253952K, used 240198K [0x0000000080000000, 0x0000000100000000)
  region size 1024K, 77 young (78848K), 4 survivors (4096K)
 Metaspace       used 153089K, capacity 158515K, committed 159448K, reserved 1187840K
  class space    used 19190K, capacity 21171K, committed 21464K, reserved 1048576K
}
Event: 10306.188 GC heap after
{Heap after GC invocations=132 (full 1):
 garbage-first heap   total 270336K, used 180920K [0x0000000080000000, 0x0000000100000000)
  region size 1024K, 10 young (10240K), 10 survivors (10240K)
 Metaspace       used 153089K, capacity 158515K, committed 159448K, reserved 1187840K
  class space    used 19190K, capacity 21171K, committed 21464K, reserved 1048576K
}
Event: 10306.204 GC heap before
{Heap before GC invocations=132 (full 1):
 garbage-first heap   total 270336K, used 186040K [0x0000000080000000, 0x0000000100000000)
  region size 1024K, 13 young (13312K), 10 survivors (10240K)
 Metaspace       used 153091K, capacity 158515K, committed 159448K, reserved 1187840K
  class space    used 19190K, capacity 21171K, committed 21464K, reserved 1048576K
}
Event: 10306.214 GC heap after
{Heap after GC invocations=133 (full 1):
 garbage-first heap   total 270336K, used 184326K [0x0000000080000000, 0x0000000100000000)
  region size 1024K, 2 young (2048K), 2 survivors (2048K)
 Metaspace       used 153091K, capacity 158515K, committed 159448K, reserved 1187840K
  class space    used 19190K, capacity 21171K, committed 21464K, reserved 1048576K
}
Event: 10306.343 GC heap before
{Heap before GC invocations=133 (full 1):
 garbage-first heap   total 270336K, used 222214K [0x0000000080000000, 0x0000000100000000)
  region size 1024K, 39 young (39936K), 2 survivors (2048K)
 Metaspace       used 153238K, capacity 158653K, committed 159704K, reserved 1187840K
  class space    used 19195K, capacity 21171K, committed 21464K, reserved 1048576K
}
Event: 10306.361 GC heap after
{Heap after GC invocations=134 (full 1):
 garbage-first heap   total 270336K, used 201343K [0x0000000080000000, 0x0000000100000000)
  region size 1024K, 5 young (5120K), 5 survivors (5120K)
 Metaspace       used 153238K, capacity 158653K, committed 159704K, reserved 1187840K
  class space    used 19195K, capacity 21171K, committed 21464K, reserved 1048576K
}
Event: 10306.435 GC heap before
{Heap before GC invocations=134 (full 1):
 garbage-first heap   total 270336K, used 223871K [0x0000000080000000, 0x0000000100000000)
  region size 1024K, 27 young (27648K), 5 survivors (5120K)
 Metaspace       used 153262K, capacity 158717K, committed 159704K, reserved 1187840K
  class space    used 19195K, capacity 21171K, committed 21464K, reserved 1048576K
}
Event: 10306.450 GC heap after
{Heap after GC invocations=135 (full 1):
 garbage-first heap   total 270336K, used 214459K [0x0000000080000000, 0x0000000100000000)
  region size 1024K, 4 young (4096K), 4 survivors (4096K)
 Metaspace       used 153262K, capacity 158717K, committed 159704K, reserved 1187840K
  class space    used 19195K, capacity 21171K, committed 21464K, reserved 1048576K
}
Event: 10306.491 GC heap before
{Heap before GC invocations=135 (full 1):
 garbage-first heap   total 270336K, used 226747K [0x0000000080000000, 0x0000000100000000)
  region size 1024K, 17 young (17408K), 4 survivors (4096K)
 Metaspace       used 153277K, capacity 158719K, committed 159704K, reserved 1187840K
  class space    used 19195K, capacity 21171K, committed 21464K, reserved 1048576K
}
Event: 10306.506 GC heap after
{Heap after GC invocations=136 (full 1):
 garbage-first heap   total 409600K, used 221988K [0x0000000080000000, 0x0000000100000000)
  region size 1024K, 3 young (3072K), 3 survivors (3072K)
 Metaspace       used 153277K, capacity 158719K, committed 159704K, reserved 1187840K
  class space    used 19195K, capacity 21171K, committed 21464K, reserved 1048576K
}
Event: 10306.943 GC heap before
{Heap before GC invocations=137 (full 1):
 garbage-first heap   total 409600K, used 302884K [0x0000000080000000, 0x0000000100000000)
  region size 1024K, 83 young (84992K), 3 survivors (3072K)
 Metaspace       used 153392K, capacity 158876K, committed 159960K, reserved 1187840K
  class space    used 19201K, capacity 21179K, committed 21464K, reserved 1048576K
}
Event: 10306.970 GC heap after
{Heap after GC invocations=138 (full 1):
 garbage-first heap   total 409600K, used 252686K [0x0000000080000000, 0x0000000100000000)
  region size 1024K, 11 young (11264K), 11 survivors (11264K)
 Metaspace       used 153392K, capacity 158876K, committed 159960K, reserved 1187840K
  class space    used 19201K, capacity 21179K, committed 21464K, reserved 1048576K
}
Event: 10307.349 GC heap before
{Heap before GC invocations=138 (full 1):
 garbage-first heap   total 409600K, used 310030K [0x0000000080000000, 0x0000000100000000)
  region size 1024K, 68 young (69632K), 11 survivors (11264K)
 Metaspace       used 153416K, capacity 158878K, committed 159960K, reserved 1187840K
  class space    used 19201K, capacity 21179K, committed 21464K, reserved 1048576K
}
Event: 10307.368 GC heap after
{Heap after GC invocations=139 (full 1):
 garbage-first heap   total 409600K, used 260846K [0x0000000080000000, 0x0000000100000000)
  region size 1024K, 7 young (7168K), 7 survivors (7168K)
 Metaspace       used 153416K, capacity 158878K, committed 159960K, reserved 1187840K
  class space    used 19201K, capacity 21179K, committed 21464K, reserved 1048576K
}
Event: 10307.959 GC heap before
{Heap before GC invocations=140 (full 1):
 garbage-first heap   total 409600K, used 319214K [0x0000000080000000, 0x0000000100000000)
  region size 1024K, 67 young (68608K), 7 survivors (7168K)
 Metaspace       used 153430K, capacity 158878K, committed 159960K, reserved 1187840K
  class space    used 19201K, capacity 21179K, committed 21464K, reserved 1048576K
}
Event: 10307.976 GC heap after
{Heap after GC invocations=141 (full 1):
 garbage-first heap   total 409600K, used 262212K [0x0000000080000000, 0x0000000100000000)
  region size 1024K, 6 young (6144K), 6 survivors (6144K)
 Metaspace       used 153430K, capacity 158878K, committed 159960K, reserved 1187840K
  class space    used 19201K, capacity 21179K, committed 21464K, reserved 1048576K
}
Event: 10308.142 GC heap before
{Heap before GC invocations=141 (full 1):
 garbage-first heap   total 409600K, used 280644K [0x0000000080000000, 0x0000000100000000)
  region size 1024K, 20 young (20480K), 6 survivors (6144K)
 Metaspace       used 153443K, capacity 158879K, committed 159960K, reserved 1187840K
  class space    used 19201K, capacity 21179K, committed 21464K, reserved 1048576K
}

